{"C:\\Users\\User\\Desktop\\Template It\\src\\vite-env.d.ts": {"path":"C:\\Users\\User\\Desktop\\Template It\\src\\vite-env.d.ts","statementMap":{},"fnMap":{},"branchMap":{},"s":{},"f":{},"b":{}}
,"C:\\Users\\User\\Desktop\\Template It\\src\\pages\\Components\\component.js": {"path":"C:\\Users\\User\\Desktop\\Template It\\src\\pages\\Components\\component.js","statementMap":{"0":{"start":{"line":1,"column":0},"end":{"line":43,"column":3}}},"fnMap":{},"branchMap":{},"s":{"0":0},"f":{},"b":{}}
,"C:\\Users\\User\\Desktop\\Template It\\src\\pages\\Templates\\template.js": {"path":"C:\\Users\\User\\Desktop\\Template It\\src\\pages\\Templates\\template.js","statementMap":{"0":{"start":{"line":1,"column":0},"end":{"line":114,"column":1}}},"fnMap":{},"branchMap":{},"s":{"0":0},"f":{},"b":{}}
,"C:\\Users\\User\\Desktop\\Template It\\src\\services\\GoogleAuth.ts": {"path":"C:\\Users\\User\\Desktop\\Template It\\src\\services\\GoogleAuth.ts","statementMap":{"0":{"start":{"line":5,"column":4},"end":{"line":5,"column":46}}},"fnMap":{"0":{"name":"(anonymous_0)","decl":{"start":{"line":4,"column":2},"end":{"line":4,"column":3}},"loc":{"start":{"line":4,"column":23},"end":{"line":6,"column":3}},"line":4}},"branchMap":{},"s":{"0":0},"f":{"0":0},"b":{}}
,"C:\\Users\\User\\Desktop\\Template It\\src\\utils\\generateLoginURL.ts": {"path":"C:\\Users\\User\\Desktop\\Template It\\src\\utils\\generateLoginURL.ts","statementMap":{"0":{"start":{"line":1,"column":25},"end":{"line":16,"column":1}},"1":{"start":{"line":2,"column":18},"end":{"line":2,"column":73}},"2":{"start":{"line":4,"column":2},"end":{"line":7,"column":4}},"3":{"start":{"line":8,"column":2},"end":{"line":11,"column":4}},"4":{"start":{"line":12,"column":2},"end":{"line":12,"column":78}},"5":{"start":{"line":13,"column":2},"end":{"line":13,"column":56}},"6":{"start":{"line":15,"column":2},"end":{"line":15,"column":22}}},"fnMap":{"0":{"name":"(anonymous_0)","decl":{"start":{"line":1,"column":25},"end":{"line":1,"column":26}},"loc":{"start":{"line":1,"column":31},"end":{"line":16,"column":1}},"line":1}},"branchMap":{},"s":{"0":0,"1":0,"2":0,"3":0,"4":0,"5":0,"6":0},"f":{"0":0},"b":{}}
,"C:\\Users\\User\\Desktop\\Template It\\src\\utils\\queryClients.ts": {"path":"C:\\Users\\User\\Desktop\\Template It\\src\\utils\\queryClients.ts","statementMap":{"0":{"start":{"line":3,"column":27},"end":{"line":16,"column":2}}},"fnMap":{},"branchMap":{},"s":{"0":0},"f":{},"b":{}}
}
